[debug] [2023-08-29T13:45:30.912Z] ----------------------------------------------------------------------
[debug] [2023-08-29T13:45:30.916Z] Command:       C:\Program Files\nodejs\node.exe C:\Users\libra\AppData\Roaming\npm\node_modules\firebase-tools\lib\bin\firebase.js init
[debug] [2023-08-29T13:45:30.917Z] CLI Version:   12.4.2
[debug] [2023-08-29T13:45:30.917Z] Platform:      win32
[debug] [2023-08-29T13:45:30.918Z] Node Version:  v20.3.1
[debug] [2023-08-29T13:45:30.918Z] Time:          Tue Aug 29 2023 18:45:30 GMT+0500 (Pakistan Standard Time)
[debug] [2023-08-29T13:45:30.918Z] ----------------------------------------------------------------------
[debug] 
[debug] [2023-08-29T13:45:31.032Z] > command requires scopes: ["email","openid","https://www.googleapis.com/auth/cloudplatformprojects.readonly","https://www.googleapis.com/auth/firebase","https://www.googleapis.com/auth/cloud-platform"]
[debug] [2023-08-29T13:45:31.033Z] > authorizing via signed-in user (saadat.2k22@gmail.com)
[info] 
     ######## #### ########  ######## ########     ###     ######  ########
     ##        ##  ##     ## ##       ##     ##  ##   ##  ##       ##
     ######    ##  ########  ######   ########  #########  ######  ######
     ##        ##  ##    ##  ##       ##     ## ##     ##       ## ##
     ##       #### ##     ## ######## ########  ##     ##  ######  ########

You're about to initialize a Firebase project in this directory:

  E:\nft

Before we get started, keep in mind:

  * You are initializing within an existing Firebase project directory

[info] 
=== Project Setup
[info] 
[info] First, let's associate this project directory with a Firebase project.
[info] You can create multiple project aliases by running firebase use --add, 
[info] but for now we'll just set up a default project.
[info] 
[debug] [2023-08-29T13:45:44.329Z] Using project from CLI flag: myapp
[debug] [2023-08-29T13:45:44.333Z] >>> [apiv2][query] GET https://firebase.googleapis.com/v1beta1/projects/myapp [none]
[debug] [2023-08-29T13:45:44.969Z] <<< [apiv2][status] GET https://firebase.googleapis.com/v1beta1/projects/myapp 403
[debug] [2023-08-29T13:45:44.969Z] <<< [apiv2][body] GET https://firebase.googleapis.com/v1beta1/projects/myapp {"error":{"code":403,"message":"The caller does not have permission","status":"PERMISSION_DENIED"}}
[debug] [2023-08-29T13:45:44.970Z] HTTP Error: 403, The caller does not have permission
[debug] [2023-08-29T13:45:45.301Z] FirebaseError: HTTP Error: 403, The caller does not have permission
    at responseToError (C:\Users\libra\AppData\Roaming\npm\node_modules\firebase-tools\lib\responseToError.js:49:12)
    at RetryOperation._fn (C:\Users\libra\AppData\Roaming\npm\node_modules\firebase-tools\lib\apiv2.js:288:77)
    at process.processTicksAndRejections (node:internal/process/task_queues:95:5)
[error] 
[error] Error: Failed to get Firebase project myapp. Please make sure the project exists and your account has permission to access it.
